D:\RA230-2015\MRKIRM1\WORKSPACE\POP3SERVERCPPUNIT\DEBUG\POP3SERVERCPPUNIT.EXE
D:\RA230-2015\MRKIRM1\WORKSPACE\POP3SERVERCPPUNIT\DEBUG\POP3SERVERCPPUNIT.PDB
D:\RA230-2015\MRKIRM1\WORKSPACE\POP3SERVERCPPUNIT\POP3SERVERCPPUNIT\DEBUG\BUFFERS.OBJ
D:\RA230-2015\MRKIRM1\WORKSPACE\POP3SERVERCPPUNIT\POP3SERVERCPPUNIT\DEBUG\BUFFERSQUEUE.OBJ
D:\RA230-2015\mrkirm1\workspace\POP3ServerCppUnit\POP3ServerCppUnit\Debug\cl.command.1.tlog
D:\RA230-2015\mrkirm1\workspace\POP3ServerCppUnit\POP3ServerCppUnit\Debug\CL.read.1.tlog
D:\RA230-2015\mrkirm1\workspace\POP3ServerCppUnit\POP3ServerCppUnit\Debug\CL.write.1.tlog
D:\RA230-2015\MRKIRM1\WORKSPACE\POP3SERVERCPPUNIT\POP3SERVERCPPUNIT\DEBUG\CLIENT.OBJ
D:\RA230-2015\MRKIRM1\WORKSPACE\POP3SERVERCPPUNIT\POP3SERVERCPPUNIT\DEBUG\CLIENT_DTP.OBJ
D:\RA230-2015\MRKIRM1\WORKSPACE\POP3SERVERCPPUNIT\POP3SERVERCPPUNIT\DEBUG\DISTRIBUTION.OBJ
D:\RA230-2015\MRKIRM1\WORKSPACE\POP3SERVERCPPUNIT\POP3SERVERCPPUNIT\DEBUG\ERROROBJECT.OBJ
D:\RA230-2015\MRKIRM1\WORKSPACE\POP3SERVERCPPUNIT\POP3SERVERCPPUNIT\DEBUG\FSM.OBJ
D:\RA230-2015\MRKIRM1\WORKSPACE\POP3SERVERCPPUNIT\POP3SERVERCPPUNIT\DEBUG\FSMSYSTEM.OBJ
D:\RA230-2015\MRKIRM1\WORKSPACE\POP3SERVERCPPUNIT\POP3SERVERCPPUNIT\DEBUG\KERNELAPI.OBJ
D:\RA230-2015\MRKIRM1\WORKSPACE\POP3SERVERCPPUNIT\POP3SERVERCPPUNIT\DEBUG\KERNELFUNCTIONS.OBJ
D:\RA230-2015\mrkirm1\workspace\POP3ServerCppUnit\POP3ServerCppUnit\Debug\link.command.1.tlog
D:\RA230-2015\mrkirm1\workspace\POP3ServerCppUnit\POP3ServerCppUnit\Debug\link.read.1.tlog
D:\RA230-2015\mrkirm1\workspace\POP3ServerCppUnit\POP3ServerCppUnit\Debug\link.write.1.tlog
D:\RA230-2015\MRKIRM1\WORKSPACE\POP3SERVERCPPUNIT\POP3SERVERCPPUNIT\DEBUG\LINUXFUNCTIONS.OBJ
D:\RA230-2015\MRKIRM1\WORKSPACE\POP3SERVERCPPUNIT\POP3SERVERCPPUNIT\DEBUG\LOGAUTOMATE.OBJ
D:\RA230-2015\MRKIRM1\WORKSPACE\POP3SERVERCPPUNIT\POP3SERVERCPPUNIT\DEBUG\LOGFILE.OBJ
D:\RA230-2015\MRKIRM1\WORKSPACE\POP3SERVERCPPUNIT\POP3SERVERCPPUNIT\DEBUG\MAILBOX.OBJ
D:\RA230-2015\MRKIRM1\WORKSPACE\POP3SERVERCPPUNIT\POP3SERVERCPPUNIT\DEBUG\MAIN.OBJ
D:\RA230-2015\MRKIRM1\WORKSPACE\POP3SERVERCPPUNIT\POP3SERVERCPPUNIT\DEBUG\MAINTEST.OBJ
D:\RA230-2015\MRKIRM1\WORKSPACE\POP3SERVERCPPUNIT\POP3SERVERCPPUNIT\DEBUG\MESSAGES.OBJ
D:\RA230-2015\MRKIRM1\WORKSPACE\POP3SERVERCPPUNIT\POP3SERVERCPPUNIT\DEBUG\MSGINTERFACE.OBJ
D:\RA230-2015\mrkirm1\workspace\POP3ServerCppUnit\POP3ServerCppUnit\Debug\mt.command.1.tlog
D:\RA230-2015\mrkirm1\workspace\POP3ServerCppUnit\POP3ServerCppUnit\Debug\mt.read.1.tlog
D:\RA230-2015\mrkirm1\workspace\POP3ServerCppUnit\POP3ServerCppUnit\Debug\mt.write.1.tlog
D:\RA230-2015\MRKIRM1\WORKSPACE\POP3SERVERCPPUNIT\POP3SERVERCPPUNIT\DEBUG\NETFSM.OBJ
D:\RA230-2015\MRKIRM1\WORKSPACE\POP3SERVERCPPUNIT\POP3SERVERCPPUNIT\DEBUG\POP3SERVERCPPUNIT.EXE.INTERMEDIATE.MANIFEST
D:\RA230-2015\mrkirm1\workspace\POP3ServerCppUnit\POP3ServerCppUnit\Debug\POP3ServerCppUnit.write.1.tlog
D:\RA230-2015\MRKIRM1\WORKSPACE\POP3SERVERCPPUNIT\POP3SERVERCPPUNIT\DEBUG\POSTOFFICE.OBJ
D:\RA230-2015\MRKIRM1\WORKSPACE\POP3SERVERCPPUNIT\POP3SERVERCPPUNIT\DEBUG\RUN.OBJ
D:\RA230-2015\MRKIRM1\WORKSPACE\POP3SERVERCPPUNIT\POP3SERVERCPPUNIT\DEBUG\SRAUTO.OBJ
D:\RA230-2015\MRKIRM1\WORKSPACE\POP3SERVERCPPUNIT\POP3SERVERCPPUNIT\DEBUG\STANDARDMSG.OBJ
D:\RA230-2015\MRKIRM1\WORKSPACE\POP3SERVERCPPUNIT\POP3SERVERCPPUNIT\DEBUG\STDMSGPC16PL16.OBJ
D:\RA230-2015\MRKIRM1\WORKSPACE\POP3SERVERCPPUNIT\POP3SERVERCPPUNIT\DEBUG\SYSTEMFUNCTIONS.OBJ
D:\RA230-2015\MRKIRM1\WORKSPACE\POP3SERVERCPPUNIT\POP3SERVERCPPUNIT\DEBUG\SYSTEMTCP.OBJ
D:\RA230-2015\MRKIRM1\WORKSPACE\POP3SERVERCPPUNIT\POP3SERVERCPPUNIT\DEBUG\THREAD.OBJ
D:\RA230-2015\MRKIRM1\WORKSPACE\POP3SERVERCPPUNIT\POP3SERVERCPPUNIT\DEBUG\TIMER.OBJ
D:\RA230-2015\MRKIRM1\WORKSPACE\POP3SERVERCPPUNIT\POP3SERVERCPPUNIT\DEBUG\TRANSPORTINTERFACE.OBJ
D:\RA230-2015\MRKIRM1\WORKSPACE\POP3SERVERCPPUNIT\POP3SERVERCPPUNIT\DEBUG\UDPFSM.OBJ
D:\RA230-2015\MRKIRM1\WORKSPACE\POP3SERVERCPPUNIT\POP3SERVERCPPUNIT\DEBUG\UDPLOGINTERFACE.OBJ
D:\RA230-2015\mrkirm1\workspace\POP3ServerCppUnit\POP3ServerCppUnit\Debug\vc100.idb
D:\RA230-2015\MRKIRM1\WORKSPACE\POP3SERVERCPPUNIT\POP3SERVERCPPUNIT\DEBUG\VC100.PDB
